2024-09-17 23:38:10,949 - app - INFO - Received request to generate avatar.
2024-09-17 23:38:11,888 - app - INFO - Avatar created successfully.
2024-09-17 23:38:12,168 - app - INFO - Avatar saved at results\avatar_de736486bc5042c68678420f9c6c4ec0.png.
2024-09-17 23:38:12,169 - app - ERROR - Error generating avatar: [WinError 3] Sistem belirtilen yolu bulamýyor: 'c:\\users\\dagac\\desktop\\github\\avatar-maker-api\\app\\results\\avatar_de736486bc5042c68678420f9c6c4ec0.png'
2024-09-17 23:39:43,178 - app - INFO - Received request to generate avatar.
2024-09-17 23:39:44,217 - app - INFO - Avatar created successfully.
2024-09-17 23:39:44,497 - app - INFO - Avatar saved at c:\users\dagac\desktop\github\avatar-maker-api\results\avatar_f3663942b4114b558bb27383e06b13fa.png.
2024-09-17 23:45:35,021 - app - INFO - Received request to generate avatar.
2024-09-17 23:45:35,930 - app - INFO - Avatar created successfully.
2024-09-17 23:45:36,209 - app - INFO - Avatar saved at c:\users\dagac\desktop\github\avatar-maker-api\results\avatar_a8f9d7c34a8a4194bc44f4f33ac36218.png.
2024-09-17 23:55:16,018 - app - INFO - Received request to generate avatar.
2024-09-17 23:55:44,844 - app - INFO - Avatar created successfully.
2024-09-17 23:55:45,034 - app - INFO - Avatar saved at c:\users\dagac\desktop\github\avatar-maker-api\results\avatar_2c3bd7465b454785b47c2d56eff2aea8.png.
2024-09-17 23:55:53,612 - app - INFO - Received request to generate avatar.
2024-09-17 23:56:20,665 - app - INFO - Avatar created successfully.
2024-09-17 23:56:20,865 - app - INFO - Avatar saved at c:\users\dagac\desktop\github\avatar-maker-api\results\avatar_d471f46480dc4167820a126b7572d736.png.
2024-09-18 00:23:47,713 - app - INFO - Received request to generate avatar.
2024-09-18 00:23:48,578 - app - INFO - Avatar created successfully.
2024-09-18 00:23:48,770 - app - INFO - Avatar saved at c:\users\dagac\desktop\github\avatar-maker-api\results\avatar_f72c4e906ee94256940221c2856414c3.png.
2024-09-18 00:51:58,991 - app - INFO - Received request to generate avatar.
2024-09-18 00:52:09,389 - app - ERROR - ValueError: API request failed: HTTPSConnectionPool(host='api-inference.huggingface.co', port=443): Read timed out. (read timeout=10)
2024-09-18 00:52:45,200 - app - INFO - Received request to generate avatar.
2024-09-18 00:53:50,239 - app - INFO - Received request to generate avatar.
2024-09-18 00:53:51,121 - app - INFO - Avatar created successfully.
2024-09-18 00:53:51,337 - app - INFO - Avatar saved at c:\users\dagac\desktop\github\avatar-maker-api\results\avatar_de6fad9e3d5f423aa2fff14695b1e930.png.
2024-09-18 00:57:22,896 - app - INFO - Received request to generate avatar.
2024-09-18 00:57:23,764 - app - INFO - Avatar created successfully.
2024-09-18 00:57:23,989 - app - INFO - Avatar saved at c:\users\dagac\desktop\github\avatar-maker-api\results\avatar_fe85eaf9ecfb4470b9698286ee95386f.png.
2024-09-18 00:57:39,680 - app - INFO - Received request to generate avatar.
2024-09-18 00:57:40,459 - app - INFO - Avatar created successfully.
2024-09-18 00:57:40,654 - app - INFO - Avatar saved at c:\users\dagac\desktop\github\avatar-maker-api\results\avatar_e752ab3beeb34f1fba95549aa1370a33.png.
2024-09-18 00:59:30,121 - app - INFO - Received request to generate avatar.
2024-09-18 01:00:34,911 - app - INFO - Avatar created successfully.
2024-09-18 01:00:35,281 - app - INFO - Avatar saved at c:\users\dagac\desktop\github\avatar-maker-api\results\avatar_f759a7b76c9a4476b9a91966d695d7c2.png.
2024-09-18 01:02:44,890 - app - INFO - Received request to generate avatar.
2024-09-18 01:04:33,545 - app - INFO - Avatar created successfully.
2024-09-18 01:04:33,688 - app - INFO - Avatar saved at c:\users\dagac\desktop\github\avatar-maker-api\results\avatar_273e6819bd094a98ab22924d750f1bed.png.
2024-09-18 01:05:48,371 - app - INFO - Received request to generate avatar.
2024-09-18 01:05:49,294 - app - INFO - Avatar created successfully.
2024-09-18 01:05:49,460 - app - INFO - Avatar saved at c:\users\dagac\desktop\github\avatar-maker-api\results\avatar_731474fd80f34bc986c271c16059bbc2.png.
2024-09-18 01:07:31,297 - app - INFO - Received request to generate avatar.
2024-09-18 01:08:03,955 - app - INFO - Avatar created successfully.
2024-09-18 01:08:04,286 - app - INFO - Avatar saved at c:\users\dagac\desktop\github\avatar-maker-api\results\avatar_abbf817a04514b2e926c70dfdf63c579.png.
2024-09-18 01:08:11,794 - app - INFO - Received request to generate avatar.
2024-09-18 01:08:32,126 - app - INFO - Avatar created successfully.
2024-09-18 01:08:32,338 - app - INFO - Avatar saved at c:\users\dagac\desktop\github\avatar-maker-api\results\avatar_ebe1d6bd91c5413ba7f5fbd2bb0bf006.png.
2024-09-18 01:09:49,872 - app - INFO - Received request to generate avatar.
2024-09-18 01:11:34,319 - app - INFO - Avatar created successfully.
2024-09-18 01:11:34,503 - app - INFO - Avatar saved at c:\users\dagac\desktop\github\avatar-maker-api\results\avatar_581c81010582413487c31d2af4540abd.png.
2024-09-18 01:12:10,822 - app - INFO - Received request to generate avatar.
2024-09-18 01:13:52,216 - app - INFO - Avatar created successfully.
2024-09-18 01:13:52,419 - app - INFO - Avatar saved at c:\users\dagac\desktop\github\avatar-maker-api\results\avatar_770a19c975cb4a82a1c4d827e12979b4.png.
2024-09-18 01:13:58,429 - app - INFO - Received request to generate avatar.
2024-09-18 01:14:29,369 - app - INFO - Avatar created successfully.
2024-09-18 01:14:29,534 - app - INFO - Avatar saved at c:\users\dagac\desktop\github\avatar-maker-api\results\avatar_fb6e310e46584078a16da78509b733b0.png.
2024-09-18 01:15:52,612 - app - INFO - Received request to generate avatar.
2024-09-18 01:16:44,246 - app - INFO - Avatar created successfully.
2024-09-18 01:16:44,405 - app - INFO - Avatar saved at c:\users\dagac\desktop\github\avatar-maker-api\results\avatar_69da9b5cea5a48c8b487267ceb4bdc1e.png.
2024-09-18 01:17:50,241 - app - INFO - Received request to generate avatar.
2024-09-18 01:18:29,558 - app - INFO - Avatar created successfully.
2024-09-18 01:18:29,722 - app - INFO - Avatar saved at c:\users\dagac\desktop\github\avatar-maker-api\results\avatar_e12d313f42674c81916e7cb109851028.png.
2024-09-18 01:19:43,140 - app - INFO - Received request to generate avatar.
2024-09-18 01:20:22,023 - app - INFO - Avatar created successfully.
2024-09-18 01:20:22,253 - app - INFO - Avatar saved at c:\users\dagac\desktop\github\avatar-maker-api\results\avatar_40248f45e12b4d00be0730a0c6a3e574.png.
2024-09-18 01:27:06,805 - app - INFO - Health check request received.
2024-09-18 01:27:17,955 - app - INFO - Received request to generate avatar.
2024-09-18 01:27:18,797 - app - INFO - Avatar created successfully.
2024-09-18 01:27:19,083 - app - INFO - Avatar saved at c:\users\dagac\desktop\github\avatar-maker-api\results\avatar_5c482a56bbf34594aaba91b54940a22d.png.
2024-09-18 01:30:07,894 - app - INFO - Received request to generate avatar.
2024-09-18 01:30:08,493 - app - ERROR - ValueError: API request failed: 400 Client Error: Bad Request for url: https://api-inference.huggingface.co/models/black-forest-labs/FLUX.1-dev
